{
  "stats": {
    "suites": 1,
    "tests": 3,
    "passes": 2,
    "pending": 0,
    "failures": 1,
    "start": "2021-10-13T07:31:52.851Z",
    "end": "2021-10-13T07:34:19.426Z",
    "duration": 141312,
    "testsRegistered": 3,
    "passPercent": 66.66666666666667,
    "pendingPercent": 0,
    "other": 0,
    "hasOther": false,
    "skipped": 0,
    "hasSkipped": false
  },
  "results": [
    {
      "uuid": "0a650ac2-51b8-4ced-83a9-8f00289622dd",
      "title": "",
      "fullFile": "cypress/integration/Main.js",
      "file": "cypress/integration/Main.js",
      "beforeHooks": [],
      "afterHooks": [],
      "tests": [],
      "suites": [
        {
          "uuid": "08125796-e293-4927-a62a-9d74abfbaa7f",
          "title": "Test Suite",
          "fullFile": "",
          "file": "",
          "beforeHooks": [],
          "afterHooks": [],
          "tests": [
            {
              "title": "Register page",
              "fullTitle": "Test Suite Register page",
              "timedOut": null,
              "duration": 5912,
              "state": "failed",
              "speed": null,
              "pass": false,
              "fail": true,
              "pending": false,
              "context": "\"assets/Main.js/Test Suite -- Register page (failed).png\"",
              "code": "",
              "err": {
                "message": "TypeError: The following error originated from your application code, not from Cypress.\n\n  > Cannot read property '0' of undefined\n\nWhen Cypress detects uncaught errors originating from your application it will automatically fail the current test.\n\nThis behavior is configurable, and you can choose to turn this off by listening to the `uncaught:exception` event.\n\nhttps://on.cypress.io/uncaught-exception-from-application",
                "estack": "TypeError: The following error originated from your application code, not from Cypress.\n\n  > Cannot read property '0' of undefined\n\nWhen Cypress detects uncaught errors originating from your application it will automatically fail the current test.\n\nThis behavior is configurable, and you can choose to turn this off by listening to the `uncaught:exception` event.\n\nhttps://on.cypress.io/uncaught-exception-from-application\n    at http://demo.automationtesting.in/angcontroller.js:856:50\n    at i (http://demo.automationtesting.in/Register.html:3:1412)\n    at http://demo.automationtesting.in/Register.html:3:1785",
                "diff": null
              },
              "uuid": "a15ffacd-d680-4f6d-9423-e6164e04ef2b",
              "parentUUID": "08125796-e293-4927-a62a-9d74abfbaa7f",
              "isHook": false,
              "skipped": false
            },
            {
              "title": "iframe",
              "fullTitle": "Test Suite iframe",
              "timedOut": null,
              "duration": 121010,
              "state": "passed",
              "speed": "slow",
              "pass": true,
              "fail": false,
              "pending": false,
              "context": null,
              "code": "",
              "err": {},
              "uuid": "11ce4f70-6090-49f9-9145-e9c412623dbf",
              "parentUUID": "08125796-e293-4927-a62a-9d74abfbaa7f",
              "isHook": false,
              "skipped": false
            },
            {
              "title": "date",
              "fullTitle": "Test Suite date",
              "timedOut": null,
              "duration": 14390,
              "state": "passed",
              "speed": "slow",
              "pass": true,
              "fail": false,
              "pending": false,
              "context": null,
              "code": "",
              "err": {},
              "uuid": "6b6ac2e7-7c0f-44a7-a8ff-db70515c11c3",
              "parentUUID": "08125796-e293-4927-a62a-9d74abfbaa7f",
              "isHook": false,
              "skipped": false
            }
          ],
          "suites": [],
          "passes": [
            "11ce4f70-6090-49f9-9145-e9c412623dbf",
            "6b6ac2e7-7c0f-44a7-a8ff-db70515c11c3"
          ],
          "failures": [
            "a15ffacd-d680-4f6d-9423-e6164e04ef2b"
          ],
          "pending": [],
          "skipped": [],
          "duration": 141312,
          "root": false,
          "rootEmpty": false,
          "_timeout": 2000
        }
      ],
      "passes": [],
      "failures": [],
      "pending": [],
      "skipped": [],
      "duration": 0,
      "root": true,
      "rootEmpty": true,
      "_timeout": 2000
    }
  ],
  "meta": {
    "mocha": {
      "version": "7.0.1"
    },
    "mochawesome": {
      "options": {
        "quiet": false,
        "reportFilename": "Cypress Automation Test Report",
        "saveHtml": true,
        "saveJson": true,
        "consoleReporter": "spec",
        "useInlineDiffs": false,
        "code": false
      },
      "version": "6.2.2"
    },
    "marge": {
      "options": {
        "reportDir": "cypress/reports",
        "reportFilename": "Cypress Automation Test Report",
        "overwrite": false,
        "html": true,
        "json": true,
        "charts": true,
        "code": false
      },
      "version": "5.2.0"
    }
  }
}