{
  "stats": {
    "suites": 2,
    "tests": 3,
    "passes": 2,
    "pending": 0,
    "failures": 1,
    "start": "2021-10-06T10:24:47.248Z",
    "end": "2021-10-06T10:26:05.599Z",
    "duration": 59399,
    "testsRegistered": 3,
    "passPercent": 66.66666666666667,
    "pendingPercent": 0,
    "other": 0,
    "hasOther": false,
    "skipped": 0,
    "hasSkipped": false
  },
  "results": [
    {
      "uuid": "908f5931-71a0-4a24-a8be-730777adf74a",
      "title": "",
      "fullFile": "cypress/integration/SampleTestforReports/Alertsspec.js",
      "file": "cypress/integration/SampleTestforReports/Alertsspec.js",
      "beforeHooks": [],
      "afterHooks": [],
      "tests": [],
      "suites": [
        {
          "uuid": "76e81faf-8690-45f6-9ac5-908845b9fd7c",
          "title": "keywords",
          "fullFile": "",
          "file": "",
          "beforeHooks": [],
          "afterHooks": [],
          "tests": [
            {
              "title": "Alerts website",
              "fullTitle": "keywords Alerts website",
              "timedOut": null,
              "duration": 42047,
              "state": "passed",
              "speed": "slow",
              "pass": true,
              "fail": false,
              "pending": false,
              "context": null,
              "code": "alert.alertsurl();",
              "err": {},
              "uuid": "4f7bfdf3-728e-4a80-a202-beb2ee5fe612",
              "parentUUID": "76e81faf-8690-45f6-9ac5-908845b9fd7c",
              "isHook": false,
              "skipped": false
            },
            {
              "title": "Alert buttons",
              "fullTitle": "keywords Alert buttons",
              "timedOut": null,
              "duration": 16802,
              "state": "passed",
              "speed": "slow",
              "pass": true,
              "fail": false,
              "pending": false,
              "context": null,
              "code": "alert.clickalertpopupbutton();\nalert.clickconfirmpopupbutton();",
              "err": {},
              "uuid": "972c466a-7b69-4afa-ba54-ea44dcf2a2f4",
              "parentUUID": "76e81faf-8690-45f6-9ac5-908845b9fd7c",
              "isHook": false,
              "skipped": false
            }
          ],
          "suites": [],
          "passes": [
            "4f7bfdf3-728e-4a80-a202-beb2ee5fe612",
            "972c466a-7b69-4afa-ba54-ea44dcf2a2f4"
          ],
          "failures": [],
          "pending": [],
          "skipped": [],
          "duration": 58849,
          "root": false,
          "rootEmpty": false,
          "_timeout": 2000
        }
      ],
      "passes": [],
      "failures": [],
      "pending": [],
      "skipped": [],
      "duration": 0,
      "root": true,
      "rootEmpty": true,
      "_timeout": 2000
    },
    {
      "uuid": "8eab1f40-537b-436f-afb0-f5f92bfbe09e",
      "title": "",
      "fullFile": "cypress/integration/SampleTestforReports/json.js",
      "file": "cypress/integration/SampleTestforReports/json.js",
      "beforeHooks": [],
      "afterHooks": [],
      "tests": [],
      "suites": [
        {
          "uuid": "822f988c-5c20-457c-b83b-46f619960f20",
          "title": "Demopage register",
          "fullFile": "",
          "file": "",
          "beforeHooks": [],
          "afterHooks": [],
          "tests": [
            {
              "title": "demotesting",
              "fullTitle": "Demopage register demotesting",
              "timedOut": null,
              "duration": 550,
              "state": "failed",
              "speed": null,
              "pass": false,
              "fail": true,
              "pending": false,
              "context": "\"./assets/json.js/Demopage register -- demotesting (failed).png\"",
              "code": "cy.viewport(1920, 1080);\ncy.wait(2000);\njsonpractice.demotestingurl(); // cy.screenshot('complete')\njsonpractice.demofirstname(fname); // cy.screenshot({ capture: \"fullPage\" });\n//cy.screenshot('firstname successfully entered')\njsonpractice.demolastname(lname1);\njsonpractice.demoaddress(Address2);\njsonpractice.demoemail(email1);\njsonpractice.demogender(gendernew);\njsonpractice.demohobbies(hobby);\njsonpractice.demolanguages(language); //jsonpractice.demoskills()\n// jsonpractice.qaframe()",
              "err": {
                "message": "AssertionError: expected 'FeMale' to have a length of 5 but got 6",
                "estack": "AssertionError: expected 'FeMale' to have a length of 5 but got 6\n    at Jsonpractice.demogender (http://localhost:60153/__cypress/tests?p=cypress\\integration\\SampleTestforReports\\json.js:159:28)\n    at Context.eval (http://localhost:60153/__cypress/tests?p=cypress\\integration\\SampleTestforReports\\json.js:263:18)",
                "diff": "- 6\n+ 5\n"
              },
              "uuid": "7dd78bfd-ef85-492e-8530-b21a4c3f7077",
              "parentUUID": "822f988c-5c20-457c-b83b-46f619960f20",
              "isHook": false,
              "skipped": false
            }
          ],
          "suites": [],
          "passes": [],
          "failures": [
            "7dd78bfd-ef85-492e-8530-b21a4c3f7077"
          ],
          "pending": [],
          "skipped": [],
          "duration": 550,
          "root": false,
          "rootEmpty": false,
          "_timeout": 2000
        }
      ],
      "passes": [],
      "failures": [],
      "pending": [],
      "skipped": [],
      "duration": 0,
      "root": true,
      "rootEmpty": true,
      "_timeout": 2000
    }
  ],
  "meta": {
    "mocha": {
      "version": "7.0.1"
    },
    "mochawesome": {
      "options": {
        "quiet": false,
        "reportFilename": "Cypress Automation Test Report",
        "saveHtml": true,
        "saveJson": true,
        "consoleReporter": "spec",
        "useInlineDiffs": false,
        "code": true
      },
      "version": "6.2.2"
    },
    "marge": {
      "options": {
        "reportDir": "cypress/reports",
        "reportFilename": "Cypress Automation Test Report",
        "overwrite": false,
        "html": true,
        "json": true,
        "code": true,
        "charts": true
      },
      "version": "5.2.0"
    }
  }
}